@!@!@STARTMSG 2262:0 @!@!@
TLC2 Version 2.10 of 28 September 2017
@!@!@ENDMSG 2262 @!@!@
@!@!@STARTMSG 2187:0 @!@!@
Running breadth-first search Model-Checking with 2 workers on 4 cores with 599MB heap and 1345MB offheap memory (Windows 10 10.0 amd64, Oracle Corporation 1.8.0_151 x86_64).
@!@!@ENDMSG 2187 @!@!@
@!@!@STARTMSG 2220:0 @!@!@
Starting SANY...
@!@!@ENDMSG 2220 @!@!@
Parsing file MC.tla
Parsing file syncCon2.tla
Parsing file C:\Krishna\UB\Fall17\CSE 586 DS\TLAToolbox-1.5.3-win32.win32.x86_64\toolbox\plugins\org.lamport.tlatools_1.0.0.201710061831\tla2sany\StandardModules\TLC.tla
Parsing file C:\Krishna\UB\Fall17\CSE 586 DS\TLAToolbox-1.5.3-win32.win32.x86_64\toolbox\plugins\org.lamport.tlatools_1.0.0.201710061831\tla2sany\StandardModules\Integers.tla
Parsing file C:\Krishna\UB\Fall17\CSE 586 DS\TLAToolbox-1.5.3-win32.win32.x86_64\toolbox\plugins\org.lamport.tlatools_1.0.0.201710061831\tla2sany\StandardModules\Sequences.tla
Parsing file C:\Krishna\UB\Fall17\CSE 586 DS\TLAToolbox-1.5.3-win32.win32.x86_64\toolbox\plugins\org.lamport.tlatools_1.0.0.201710061831\tla2sany\StandardModules\FiniteSets.tla
Parsing file C:\Krishna\UB\Fall17\CSE 586 DS\TLAToolbox-1.5.3-win32.win32.x86_64\toolbox\plugins\org.lamport.tlatools_1.0.0.201710061831\tla2sany\StandardModules\Naturals.tla
Semantic processing of module Naturals
Semantic processing of module Integers
Semantic processing of module Sequences
Semantic processing of module FiniteSets
Semantic processing of module TLC
Semantic processing of module syncCon2
Semantic processing of module MC
@!@!@STARTMSG 2219:0 @!@!@
SANY finished.
@!@!@ENDMSG 2219 @!@!@
@!@!@STARTMSG 2185:0 @!@!@
Starting... (2017-10-25 00:12:17)
@!@!@ENDMSG 2185 @!@!@
@!@!@STARTMSG 2189:0 @!@!@
Computing initial states...
@!@!@ENDMSG 2189 @!@!@
@!@!@STARTMSG 2190:0 @!@!@
Finished computing initial states: 1 distinct state generated.
@!@!@ENDMSG 2190 @!@!@
@!@!@STARTMSG 2114:1 @!@!@
Deadlock reached.
@!@!@ENDMSG 2114 @!@!@
@!@!@STARTMSG 2121:1 @!@!@
The behavior up to this point is:
@!@!@ENDMSG 2121 @!@!@
@!@!@STARTMSG 2217:4 @!@!@
1: <Initial predicate>
/\ prev_value = <<0, 0, 0>>
/\ failNum = 1
/\ mb = <<{}, {}, {}>>
/\ prev_mb_count = <<0, 0, 0>>
/\ Q = <<{}, {}, {}>>
/\ d = <<-1, -1, -1>>
/\ ctr = <<1, 1, 1>>
/\ up = <<TRUE, TRUE, TRUE>>
/\ t = <<FALSE, FALSE, FALSE>>
/\ v = <<0, 0, 0>>
/\ pc = <<"P", "P", "P">>
/\ pt = <<0, 0, 0>>
/\ fail = 1

@!@!@ENDMSG 2217 @!@!@
@!@!@STARTMSG 2217:4 @!@!@
2: <Action line 110, col 12 to line 120, col 48 of module syncCon2>
/\ prev_value = <<0, 0, 0>>
/\ failNum = 1
/\ mb = <<{}, {}, {}>>
/\ prev_mb_count = <<0, 0, 0>>
/\ Q = <<1..3, {}, {}>>
/\ d = <<-1, -1, -1>>
/\ ctr = <<1, 1, 1>>
/\ up = <<TRUE, TRUE, TRUE>>
/\ t = <<FALSE, FALSE, FALSE>>
/\ v = <<1, 0, 0>>
/\ pc = <<"PS", "P", "P">>
/\ pt = <<0, 0, 0>>
/\ fail = 1

@!@!@ENDMSG 2217 @!@!@
@!@!@STARTMSG 2217:4 @!@!@
3: <Action line 122, col 13 to line 142, col 76 of module syncCon2>
/\ prev_value = <<0, 0, 0>>
/\ failNum = 0
/\ mb = <<{1}, {}, {}>>
/\ prev_mb_count = <<0, 0, 0>>
/\ Q = <<{2, 3}, {}, {}>>
/\ d = <<-1, -1, -1>>
/\ ctr = <<1, 1, 1>>
/\ up = <<FALSE, TRUE, TRUE>>
/\ t = <<FALSE, FALSE, FALSE>>
/\ v = <<1, 0, 0>>
/\ pc = <<"PS", "P", "P">>
/\ pt = <<0, 0, 0>>
/\ fail = 1

@!@!@ENDMSG 2217 @!@!@
@!@!@STARTMSG 2217:4 @!@!@
4: <Action line 122, col 13 to line 142, col 76 of module syncCon2>
/\ prev_value = <<0, 0, 0>>
/\ failNum = 0
/\ mb = <<{1}, {}, {}>>
/\ prev_mb_count = <<0, 0, 0>>
/\ Q = <<{2, 3}, {}, {}>>
/\ d = <<-1, -1, -1>>
/\ ctr = <<1, 1, 1>>
/\ up = <<FALSE, TRUE, TRUE>>
/\ t = <<FALSE, FALSE, FALSE>>
/\ v = <<1, 0, 0>>
/\ pc = <<"PR", "P", "P">>
/\ pt = <<0, 0, 0>>
/\ fail = 1

@!@!@ENDMSG 2217 @!@!@
@!@!@STARTMSG 2217:4 @!@!@
5: <Action line 110, col 12 to line 120, col 48 of module syncCon2>
/\ prev_value = <<0, 0, 0>>
/\ failNum = 0
/\ mb = <<{1}, {}, {}>>
/\ prev_mb_count = <<0, 0, 0>>
/\ Q = <<{2, 3}, 1..3, {}>>
/\ d = <<-1, -1, -1>>
/\ ctr = <<1, 1, 1>>
/\ up = <<FALSE, TRUE, TRUE>>
/\ t = <<FALSE, FALSE, FALSE>>
/\ v = <<1, 2, 0>>
/\ pc = <<"PR", "PS", "P">>
/\ pt = <<0, 0, 0>>
/\ fail = 1

@!@!@ENDMSG 2217 @!@!@
@!@!@STARTMSG 2217:4 @!@!@
6: <Action line 122, col 13 to line 142, col 76 of module syncCon2>
/\ prev_value = <<0, 0, 0>>
/\ failNum = 0
/\ mb = <<{1, 2}, {}, {}>>
/\ prev_mb_count = <<0, 0, 0>>
/\ Q = <<{2, 3}, {2, 3}, {}>>
/\ d = <<-1, -1, -1>>
/\ ctr = <<1, 1, 1>>
/\ up = <<FALSE, TRUE, TRUE>>
/\ t = <<FALSE, FALSE, FALSE>>
/\ v = <<1, 2, 0>>
/\ pc = <<"PR", "PS", "P">>
/\ pt = <<0, 0, 0>>
/\ fail = 1

@!@!@ENDMSG 2217 @!@!@
@!@!@STARTMSG 2217:4 @!@!@
7: <Action line 122, col 13 to line 142, col 76 of module syncCon2>
/\ prev_value = <<0, 0, 0>>
/\ failNum = 0
/\ mb = <<{1, 2}, {2}, {}>>
/\ prev_mb_count = <<0, 0, 0>>
/\ Q = <<{2, 3}, {3}, {}>>
/\ d = <<-1, -1, -1>>
/\ ctr = <<1, 1, 1>>
/\ up = <<FALSE, TRUE, TRUE>>
/\ t = <<FALSE, FALSE, FALSE>>
/\ v = <<1, 2, 0>>
/\ pc = <<"PR", "PS", "P">>
/\ pt = <<0, 0, 0>>
/\ fail = 1

@!@!@ENDMSG 2217 @!@!@
@!@!@STARTMSG 2217:4 @!@!@
8: <Action line 122, col 13 to line 142, col 76 of module syncCon2>
/\ prev_value = <<0, 0, 0>>
/\ failNum = 0
/\ mb = <<{1, 2}, {2}, {2}>>
/\ prev_mb_count = <<0, 0, 0>>
/\ Q = <<{2, 3}, {}, {}>>
/\ d = <<-1, -1, -1>>
/\ ctr = <<1, 1, 1>>
/\ up = <<FALSE, TRUE, TRUE>>
/\ t = <<FALSE, FALSE, FALSE>>
/\ v = <<1, 2, 0>>
/\ pc = <<"PR", "PS", "P">>
/\ pt = <<0, 0, 0>>
/\ fail = 1

@!@!@ENDMSG 2217 @!@!@
@!@!@STARTMSG 2217:4 @!@!@
9: <Action line 110, col 12 to line 120, col 48 of module syncCon2>
/\ prev_value = <<0, 0, 0>>
/\ failNum = 0
/\ mb = <<{1, 2}, {2}, {2}>>
/\ prev_mb_count = <<0, 0, 0>>
/\ Q = <<{2, 3}, {}, 1..3>>
/\ d = <<-1, -1, -1>>
/\ ctr = <<1, 1, 1>>
/\ up = <<FALSE, TRUE, TRUE>>
/\ t = <<FALSE, FALSE, FALSE>>
/\ v = <<1, 2, 3>>
/\ pc = <<"PR", "PS", "PS">>
/\ pt = <<0, 0, 0>>
/\ fail = 1

@!@!@ENDMSG 2217 @!@!@
@!@!@STARTMSG 2217:4 @!@!@
10: <Action line 122, col 13 to line 142, col 76 of module syncCon2>
/\ prev_value = <<0, 0, 0>>
/\ failNum = 0
/\ mb = <<{1, 2}, {2}, {2}>>
/\ prev_mb_count = <<0, 0, 0>>
/\ Q = <<{2, 3}, {}, 1..3>>
/\ d = <<-1, -1, -1>>
/\ ctr = <<1, 1, 1>>
/\ up = <<FALSE, TRUE, TRUE>>
/\ t = <<FALSE, FALSE, FALSE>>
/\ v = <<1, 2, 3>>
/\ pc = <<"PR", "PR", "PS">>
/\ pt = <<0, 1, 0>>
/\ fail = 1

@!@!@ENDMSG 2217 @!@!@
@!@!@STARTMSG 2217:4 @!@!@
11: <Action line 122, col 13 to line 142, col 76 of module syncCon2>
/\ prev_value = <<0, 0, 0>>
/\ failNum = 0
/\ mb = <<{1, 2, 3}, {2}, {2}>>
/\ prev_mb_count = <<0, 0, 0>>
/\ Q = <<{2, 3}, {}, {2, 3}>>
/\ d = <<-1, -1, -1>>
/\ ctr = <<1, 1, 1>>
/\ up = <<FALSE, TRUE, TRUE>>
/\ t = <<FALSE, FALSE, FALSE>>
/\ v = <<1, 2, 3>>
/\ pc = <<"PR", "PR", "PS">>
/\ pt = <<0, 1, 0>>
/\ fail = 1

@!@!@ENDMSG 2217 @!@!@
@!@!@STARTMSG 2217:4 @!@!@
12: <Action line 122, col 13 to line 142, col 76 of module syncCon2>
/\ prev_value = <<0, 0, 0>>
/\ failNum = 0
/\ mb = <<{1, 2, 3}, {2, 3}, {2}>>
/\ prev_mb_count = <<0, 0, 0>>
/\ Q = <<{2, 3}, {}, {3}>>
/\ d = <<-1, -1, -1>>
/\ ctr = <<1, 1, 1>>
/\ up = <<FALSE, TRUE, TRUE>>
/\ t = <<FALSE, FALSE, FALSE>>
/\ v = <<1, 2, 3>>
/\ pc = <<"PR", "PR", "PS">>
/\ pt = <<0, 1, 0>>
/\ fail = 1

@!@!@ENDMSG 2217 @!@!@
@!@!@STARTMSG 2217:4 @!@!@
13: <Action line 122, col 13 to line 142, col 76 of module syncCon2>
/\ prev_value = <<0, 0, 0>>
/\ failNum = 0
/\ mb = <<{1, 2, 3}, {2, 3}, {2, 3}>>
/\ prev_mb_count = <<0, 0, 0>>
/\ Q = <<{2, 3}, {}, {}>>
/\ d = <<-1, -1, -1>>
/\ ctr = <<1, 1, 1>>
/\ up = <<FALSE, TRUE, TRUE>>
/\ t = <<FALSE, FALSE, FALSE>>
/\ v = <<1, 2, 3>>
/\ pc = <<"PR", "PR", "PS">>
/\ pt = <<0, 1, 0>>
/\ fail = 1

@!@!@ENDMSG 2217 @!@!@
@!@!@STARTMSG 2217:4 @!@!@
14: <Action line 122, col 13 to line 142, col 76 of module syncCon2>
/\ prev_value = <<0, 0, 0>>
/\ failNum = 0
/\ mb = <<{1, 2, 3}, {2, 3}, {2, 3}>>
/\ prev_mb_count = <<0, 0, 0>>
/\ Q = <<{2, 3}, {}, {}>>
/\ d = <<-1, -1, -1>>
/\ ctr = <<1, 1, 1>>
/\ up = <<FALSE, TRUE, TRUE>>
/\ t = <<FALSE, FALSE, FALSE>>
/\ v = <<1, 2, 3>>
/\ pc = <<"PR", "PR", "PR">>
/\ pt = <<0, 1, 1>>
/\ fail = 1

@!@!@ENDMSG 2217 @!@!@
@!@!@STARTMSG 2217:4 @!@!@
15: <Action line 144, col 13 to line 158, col 58 of module syncCon2>
/\ prev_value = <<0, -1, 0>>
/\ failNum = 0
/\ mb = <<{1, 2, 3}, {}, {2, 3}>>
/\ prev_mb_count = <<0, 2, 0>>
/\ Q = <<{2, 3}, {}, {}>>
/\ d = <<-1, 2, -1>>
/\ ctr = <<1, 1, 1>>
/\ up = <<FALSE, TRUE, TRUE>>
/\ t = <<FALSE, FALSE, FALSE>>
/\ v = <<1, 2, 3>>
/\ pc = <<"PR", "P", "PR">>
/\ pt = <<0, 1, 1>>
/\ fail = 1

@!@!@ENDMSG 2217 @!@!@
@!@!@STARTMSG 2217:4 @!@!@
16: <Action line 110, col 12 to line 120, col 48 of module syncCon2>
/\ prev_value = <<0, -1, 0>>
/\ failNum = 0
/\ mb = <<{1, 2, 3}, {}, {2, 3}>>
/\ prev_mb_count = <<0, 2, 0>>
/\ Q = <<{2, 3}, 1..3, {}>>
/\ d = <<-1, 2, -1>>
/\ ctr = <<1, 1, 1>>
/\ up = <<FALSE, TRUE, TRUE>>
/\ t = <<FALSE, FALSE, FALSE>>
/\ v = <<1, 2, 3>>
/\ pc = <<"PR", "PS", "PR">>
/\ pt = <<0, 1, 1>>
/\ fail = 1

@!@!@ENDMSG 2217 @!@!@
@!@!@STARTMSG 2217:4 @!@!@
17: <Action line 122, col 13 to line 142, col 76 of module syncCon2>
/\ prev_value = <<0, -1, 0>>
/\ failNum = 0
/\ mb = <<{1, 2, 3}, {}, {2, 3}>>
/\ prev_mb_count = <<0, 2, 0>>
/\ Q = <<{2, 3}, {2, 3}, {}>>
/\ d = <<-1, 2, -1>>
/\ ctr = <<1, 1, 1>>
/\ up = <<FALSE, TRUE, TRUE>>
/\ t = <<FALSE, FALSE, FALSE>>
/\ v = <<1, 2, 3>>
/\ pc = <<"PR", "PS", "PR">>
/\ pt = <<0, 1, 1>>
/\ fail = 1

@!@!@ENDMSG 2217 @!@!@
@!@!@STARTMSG 2217:4 @!@!@
18: <Action line 122, col 13 to line 142, col 76 of module syncCon2>
/\ prev_value = <<0, -1, 0>>
/\ failNum = 0
/\ mb = <<{1, 2, 3}, {2}, {2, 3}>>
/\ prev_mb_count = <<0, 2, 0>>
/\ Q = <<{2, 3}, {3}, {}>>
/\ d = <<-1, 2, -1>>
/\ ctr = <<1, 1, 1>>
/\ up = <<FALSE, TRUE, TRUE>>
/\ t = <<FALSE, FALSE, FALSE>>
/\ v = <<1, 2, 3>>
/\ pc = <<"PR", "PS", "PR">>
/\ pt = <<0, 1, 1>>
/\ fail = 1

@!@!@ENDMSG 2217 @!@!@
@!@!@STARTMSG 2217:4 @!@!@
19: <Action line 122, col 13 to line 142, col 76 of module syncCon2>
/\ prev_value = <<0, -1, 0>>
/\ failNum = 0
/\ mb = <<{1, 2, 3}, {2}, {2, 3}>>
/\ prev_mb_count = <<0, 2, 0>>
/\ Q = <<{2, 3}, {}, {}>>
/\ d = <<-1, 2, -1>>
/\ ctr = <<1, 1, 1>>
/\ up = <<FALSE, TRUE, TRUE>>
/\ t = <<FALSE, FALSE, FALSE>>
/\ v = <<1, 2, 3>>
/\ pc = <<"PR", "PS", "PR">>
/\ pt = <<0, 1, 1>>
/\ fail = 1

@!@!@ENDMSG 2217 @!@!@
@!@!@STARTMSG 2217:4 @!@!@
20: <Action line 144, col 13 to line 158, col 58 of module syncCon2>
/\ prev_value = <<0, -1, -1>>
/\ failNum = 0
/\ mb = <<{1, 2, 3}, {2}, {}>>
/\ prev_mb_count = <<0, 2, 2>>
/\ Q = <<{2, 3}, {}, {}>>
/\ d = <<-1, 2, 2>>
/\ ctr = <<1, 1, 1>>
/\ up = <<FALSE, TRUE, TRUE>>
/\ t = <<FALSE, FALSE, FALSE>>
/\ v = <<1, 2, 3>>
/\ pc = <<"PR", "PS", "P">>
/\ pt = <<0, 1, 1>>
/\ fail = 1

@!@!@ENDMSG 2217 @!@!@
@!@!@STARTMSG 2217:4 @!@!@
21: <Action line 110, col 12 to line 120, col 48 of module syncCon2>
/\ prev_value = <<0, -1, -1>>
/\ failNum = 0
/\ mb = <<{1, 2, 3}, {2}, {}>>
/\ prev_mb_count = <<0, 2, 2>>
/\ Q = <<{2, 3}, {}, 1..3>>
/\ d = <<-1, 2, 2>>
/\ ctr = <<1, 1, 1>>
/\ up = <<FALSE, TRUE, TRUE>>
/\ t = <<FALSE, FALSE, FALSE>>
/\ v = <<1, 2, 2>>
/\ pc = <<"PR", "PS", "PS">>
/\ pt = <<0, 1, 1>>
/\ fail = 1

@!@!@ENDMSG 2217 @!@!@
@!@!@STARTMSG 2217:4 @!@!@
22: <Action line 122, col 13 to line 142, col 76 of module syncCon2>
/\ prev_value = <<0, -1, -1>>
/\ failNum = 0
/\ mb = <<{1, 2, 3}, {2}, {}>>
/\ prev_mb_count = <<0, 2, 2>>
/\ Q = <<{2, 3}, {}, {2, 3}>>
/\ d = <<-1, 2, 2>>
/\ ctr = <<1, 1, 1>>
/\ up = <<FALSE, TRUE, TRUE>>
/\ t = <<FALSE, FALSE, FALSE>>
/\ v = <<1, 2, 2>>
/\ pc = <<"PR", "PS", "PS">>
/\ pt = <<0, 1, 1>>
/\ fail = 1

@!@!@ENDMSG 2217 @!@!@
@!@!@STARTMSG 2217:4 @!@!@
23: <Action line 122, col 13 to line 142, col 76 of module syncCon2>
/\ prev_value = <<0, -1, -1>>
/\ failNum = 0
/\ mb = <<{1, 2, 3}, {2}, {}>>
/\ prev_mb_count = <<0, 2, 2>>
/\ Q = <<{2, 3}, {}, {3}>>
/\ d = <<-1, 2, 2>>
/\ ctr = <<1, 1, 1>>
/\ up = <<FALSE, TRUE, TRUE>>
/\ t = <<FALSE, FALSE, FALSE>>
/\ v = <<1, 2, 2>>
/\ pc = <<"PR", "PS", "PS">>
/\ pt = <<0, 1, 1>>
/\ fail = 1

@!@!@ENDMSG 2217 @!@!@
@!@!@STARTMSG 2217:4 @!@!@
24: <Action line 122, col 13 to line 142, col 76 of module syncCon2>
/\ prev_value = <<0, -1, -1>>
/\ failNum = 0
/\ mb = <<{1, 2, 3}, {2}, {2}>>
/\ prev_mb_count = <<0, 2, 2>>
/\ Q = <<{2, 3}, {}, {}>>
/\ d = <<-1, 2, 2>>
/\ ctr = <<1, 1, 1>>
/\ up = <<FALSE, TRUE, TRUE>>
/\ t = <<FALSE, FALSE, FALSE>>
/\ v = <<1, 2, 2>>
/\ pc = <<"PR", "PS", "PS">>
/\ pt = <<0, 1, 1>>
/\ fail = 1

@!@!@ENDMSG 2217 @!@!@
@!@!@STARTMSG 2217:4 @!@!@
25: <Action line 122, col 13 to line 142, col 76 of module syncCon2>
/\ prev_value = <<0, -1, -1>>
/\ failNum = 0
/\ mb = <<{1, 2, 3}, {2}, {2}>>
/\ prev_mb_count = <<0, 2, 2>>
/\ Q = <<{2, 3}, {}, {}>>
/\ d = <<-1, 2, 2>>
/\ ctr = <<1, 1, 1>>
/\ up = <<FALSE, TRUE, TRUE>>
/\ t = <<FALSE, FALSE, FALSE>>
/\ v = <<1, 2, 2>>
/\ pc = <<"PR", "PS", "PR">>
/\ pt = <<0, 1, 2>>
/\ fail = 1

@!@!@ENDMSG 2217 @!@!@
@!@!@STARTMSG 2217:4 @!@!@
26: <Action line 122, col 13 to line 142, col 76 of module syncCon2>
/\ prev_value = <<0, -1, -1>>
/\ failNum = 0
/\ mb = <<{1, 2, 3}, {2}, {2}>>
/\ prev_mb_count = <<0, 2, 2>>
/\ Q = <<{2, 3}, {}, {}>>
/\ d = <<-1, 2, 2>>
/\ ctr = <<1, 1, 1>>
/\ up = <<FALSE, TRUE, TRUE>>
/\ t = <<FALSE, FALSE, FALSE>>
/\ v = <<1, 2, 2>>
/\ pc = <<"PR", "PR", "PR">>
/\ pt = <<0, 2, 2>>
/\ fail = 1

@!@!@ENDMSG 2217 @!@!@
@!@!@STARTMSG 2217:4 @!@!@
27: <Action line 144, col 13 to line 158, col 58 of module syncCon2>
/\ prev_value = <<0, 2, -1>>
/\ failNum = 0
/\ mb = <<{1, 2, 3}, {}, {2}>>
/\ prev_mb_count = <<0, 1, 2>>
/\ Q = <<{2, 3}, {}, {}>>
/\ d = <<-1, 2, 2>>
/\ ctr = <<1, 1, 1>>
/\ up = <<FALSE, TRUE, TRUE>>
/\ t = <<FALSE, FALSE, FALSE>>
/\ v = <<1, 2, 2>>
/\ pc = <<"PR", "P", "PR">>
/\ pt = <<0, 2, 2>>
/\ fail = 1

@!@!@ENDMSG 2217 @!@!@
@!@!@STARTMSG 2217:4 @!@!@
28: <Action line 110, col 12 to line 120, col 48 of module syncCon2>
/\ prev_value = <<0, 2, -1>>
/\ failNum = 0
/\ mb = <<{1, 2, 3}, {}, {2}>>
/\ prev_mb_count = <<0, 1, 2>>
/\ Q = <<{2, 3}, 1..3, {}>>
/\ d = <<-1, 2, 2>>
/\ ctr = <<1, 1, 1>>
/\ up = <<FALSE, TRUE, TRUE>>
/\ t = <<FALSE, FALSE, FALSE>>
/\ v = <<1, 2, 2>>
/\ pc = <<"PR", "PS", "PR">>
/\ pt = <<0, 2, 2>>
/\ fail = 1

@!@!@ENDMSG 2217 @!@!@
@!@!@STARTMSG 2217:4 @!@!@
29: <Action line 122, col 13 to line 142, col 76 of module syncCon2>
/\ prev_value = <<0, 2, -1>>
/\ failNum = 0
/\ mb = <<{1, 2, 3}, {}, {2}>>
/\ prev_mb_count = <<0, 1, 2>>
/\ Q = <<{2, 3}, {2, 3}, {}>>
/\ d = <<-1, 2, 2>>
/\ ctr = <<1, 1, 1>>
/\ up = <<FALSE, TRUE, TRUE>>
/\ t = <<FALSE, FALSE, FALSE>>
/\ v = <<1, 2, 2>>
/\ pc = <<"PR", "PS", "PR">>
/\ pt = <<0, 2, 2>>
/\ fail = 1

@!@!@ENDMSG 2217 @!@!@
@!@!@STARTMSG 2217:4 @!@!@
30: <Action line 122, col 13 to line 142, col 76 of module syncCon2>
/\ prev_value = <<0, 2, -1>>
/\ failNum = 0
/\ mb = <<{1, 2, 3}, {}, {2}>>
/\ prev_mb_count = <<0, 1, 2>>
/\ Q = <<{2, 3}, {2}, {}>>
/\ d = <<-1, 2, 2>>
/\ ctr = <<1, 1, 1>>
/\ up = <<FALSE, TRUE, TRUE>>
/\ t = <<FALSE, FALSE, FALSE>>
/\ v = <<1, 2, 2>>
/\ pc = <<"PR", "PS", "PR">>
/\ pt = <<0, 2, 2>>
/\ fail = 1

@!@!@ENDMSG 2217 @!@!@
@!@!@STARTMSG 2217:4 @!@!@
31: <Action line 144, col 13 to line 158, col 58 of module syncCon2>
/\ prev_value = <<0, 2, 2>>
/\ failNum = 0
/\ mb = <<{1, 2, 3}, {}, {}>>
/\ prev_mb_count = <<0, 1, 1>>
/\ Q = <<{2, 3}, {2}, {}>>
/\ d = <<-1, 2, 2>>
/\ ctr = <<1, 1, 1>>
/\ up = <<FALSE, TRUE, TRUE>>
/\ t = <<FALSE, FALSE, FALSE>>
/\ v = <<1, 2, 2>>
/\ pc = <<"PR", "PS", "P">>
/\ pt = <<0, 2, 2>>
/\ fail = 1

@!@!@ENDMSG 2217 @!@!@
@!@!@STARTMSG 2217:4 @!@!@
32: <Action line 122, col 13 to line 142, col 76 of module syncCon2>
/\ prev_value = <<0, 2, 2>>
/\ failNum = 0
/\ mb = <<{1, 2, 3}, {2}, {}>>
/\ prev_mb_count = <<0, 1, 1>>
/\ Q = <<{2, 3}, {}, {}>>
/\ d = <<-1, 2, 2>>
/\ ctr = <<1, 1, 1>>
/\ up = <<FALSE, TRUE, TRUE>>
/\ t = <<FALSE, FALSE, FALSE>>
/\ v = <<1, 2, 2>>
/\ pc = <<"PR", "PS", "P">>
/\ pt = <<0, 2, 2>>
/\ fail = 1

@!@!@ENDMSG 2217 @!@!@
@!@!@STARTMSG 2217:4 @!@!@
33: <Action line 110, col 12 to line 120, col 48 of module syncCon2>
/\ prev_value = <<0, 2, 2>>
/\ failNum = 0
/\ mb = <<{1, 2, 3}, {2}, {}>>
/\ prev_mb_count = <<0, 1, 1>>
/\ Q = <<{2, 3}, {}, 1..3>>
/\ d = <<-1, 2, 2>>
/\ ctr = <<1, 1, 1>>
/\ up = <<FALSE, TRUE, TRUE>>
/\ t = <<FALSE, FALSE, FALSE>>
/\ v = <<1, 2, 2>>
/\ pc = <<"PR", "PS", "PS">>
/\ pt = <<0, 2, 2>>
/\ fail = 1

@!@!@ENDMSG 2217 @!@!@
@!@!@STARTMSG 2217:4 @!@!@
34: <Action line 122, col 13 to line 142, col 76 of module syncCon2>
/\ prev_value = <<0, 2, 2>>
/\ failNum = 0
/\ mb = <<{1, 2, 3}, {2}, {}>>
/\ prev_mb_count = <<0, 1, 1>>
/\ Q = <<{2, 3}, {}, {2, 3}>>
/\ d = <<-1, 2, 2>>
/\ ctr = <<1, 1, 1>>
/\ up = <<FALSE, TRUE, TRUE>>
/\ t = <<FALSE, FALSE, FALSE>>
/\ v = <<1, 2, 2>>
/\ pc = <<"PR", "PS", "PS">>
/\ pt = <<0, 2, 2>>
/\ fail = 1

@!@!@ENDMSG 2217 @!@!@
@!@!@STARTMSG 2217:4 @!@!@
35: <Action line 122, col 13 to line 142, col 76 of module syncCon2>
/\ prev_value = <<0, 2, 2>>
/\ failNum = 0
/\ mb = <<{1, 2, 3}, {2}, {}>>
/\ prev_mb_count = <<0, 1, 1>>
/\ Q = <<{2, 3}, {}, {3}>>
/\ d = <<-1, 2, 2>>
/\ ctr = <<1, 1, 1>>
/\ up = <<FALSE, TRUE, TRUE>>
/\ t = <<FALSE, FALSE, FALSE>>
/\ v = <<1, 2, 2>>
/\ pc = <<"PR", "PS", "PS">>
/\ pt = <<0, 2, 2>>
/\ fail = 1

@!@!@ENDMSG 2217 @!@!@
@!@!@STARTMSG 2217:4 @!@!@
36: <Action line 122, col 13 to line 142, col 76 of module syncCon2>
/\ prev_value = <<0, 2, 2>>
/\ failNum = 0
/\ mb = <<{1, 2, 3}, {2}, {2}>>
/\ prev_mb_count = <<0, 1, 1>>
/\ Q = <<{2, 3}, {}, {}>>
/\ d = <<-1, 2, 2>>
/\ ctr = <<1, 1, 1>>
/\ up = <<FALSE, TRUE, TRUE>>
/\ t = <<FALSE, FALSE, FALSE>>
/\ v = <<1, 2, 2>>
/\ pc = <<"PR", "PS", "PS">>
/\ pt = <<0, 2, 2>>
/\ fail = 1

@!@!@ENDMSG 2217 @!@!@
@!@!@STARTMSG 2217:4 @!@!@
37: <Action line 122, col 13 to line 142, col 76 of module syncCon2>
/\ prev_value = <<0, 2, 2>>
/\ failNum = 0
/\ mb = <<{1, 2, 3}, {2}, {2}>>
/\ prev_mb_count = <<0, 1, 1>>
/\ Q = <<{2, 3}, {}, {}>>
/\ d = <<-1, 2, 2>>
/\ ctr = <<1, 1, 1>>
/\ up = <<FALSE, TRUE, TRUE>>
/\ t = <<FALSE, FALSE, FALSE>>
/\ v = <<1, 2, 2>>
/\ pc = <<"PR", "PS", "PR">>
/\ pt = <<0, 2, 3>>
/\ fail = 1

@!@!@ENDMSG 2217 @!@!@
@!@!@STARTMSG 2217:4 @!@!@
38: <Action line 122, col 13 to line 142, col 76 of module syncCon2>
/\ prev_value = <<0, 2, 2>>
/\ failNum = 0
/\ mb = <<{1, 2, 3}, {2}, {2}>>
/\ prev_mb_count = <<0, 1, 1>>
/\ Q = <<{2, 3}, {}, {}>>
/\ d = <<-1, 2, 2>>
/\ ctr = <<1, 1, 1>>
/\ up = <<FALSE, TRUE, TRUE>>
/\ t = <<FALSE, FALSE, FALSE>>
/\ v = <<1, 2, 2>>
/\ pc = <<"PR", "PR", "PR">>
/\ pt = <<0, 3, 3>>
/\ fail = 1

@!@!@ENDMSG 2217 @!@!@
@!@!@STARTMSG 2217:4 @!@!@
39: <Action line 144, col 13 to line 158, col 58 of module syncCon2>
/\ prev_value = <<0, 2, 2>>
/\ failNum = 0
/\ mb = <<{1, 2, 3}, {}, {2}>>
/\ prev_mb_count = <<0, 1, 1>>
/\ Q = <<{2, 3}, {}, {}>>
/\ d = <<-1, 2, 2>>
/\ ctr = <<1, 0, 1>>
/\ up = <<FALSE, TRUE, TRUE>>
/\ t = <<FALSE, TRUE, FALSE>>
/\ v = <<1, 2, 2>>
/\ pc = <<"PR", "P", "PR">>
/\ pt = <<0, 3, 3>>
/\ fail = 1

@!@!@ENDMSG 2217 @!@!@
@!@!@STARTMSG 2217:4 @!@!@
40: <Action line 110, col 12 to line 120, col 48 of module syncCon2>
/\ prev_value = <<0, 2, 2>>
/\ failNum = 0
/\ mb = <<{1, 2, 3}, {}, {2}>>
/\ prev_mb_count = <<0, 1, 1>>
/\ Q = <<{2, 3}, {}, {}>>
/\ d = <<-1, 2, 2>>
/\ ctr = <<1, 0, 1>>
/\ up = <<FALSE, TRUE, TRUE>>
/\ t = <<FALSE, TRUE, FALSE>>
/\ v = <<1, 2, 2>>
/\ pc = <<"PR", "Done", "PR">>
/\ pt = <<0, 3, 3>>
/\ fail = 1

@!@!@ENDMSG 2217 @!@!@
@!@!@STARTMSG 2217:4 @!@!@
41: <Action line 144, col 13 to line 158, col 58 of module syncCon2>
/\ prev_value = <<0, 2, 2>>
/\ failNum = 0
/\ mb = <<{1, 2, 3}, {}, {}>>
/\ prev_mb_count = <<0, 1, 1>>
/\ Q = <<{2, 3}, {}, {}>>
/\ d = <<-1, 2, 2>>
/\ ctr = <<1, 0, 0>>
/\ up = <<FALSE, TRUE, TRUE>>
/\ t = <<FALSE, TRUE, TRUE>>
/\ v = <<1, 2, 2>>
/\ pc = <<"PR", "Done", "P">>
/\ pt = <<0, 3, 3>>
/\ fail = 1

@!@!@ENDMSG 2217 @!@!@
@!@!@STARTMSG 2217:4 @!@!@
42: <Action line 110, col 12 to line 120, col 48 of module syncCon2>
/\ prev_value = <<0, 2, 2>>
/\ failNum = 0
/\ mb = <<{1, 2, 3}, {}, {}>>
/\ prev_mb_count = <<0, 1, 1>>
/\ Q = <<{2, 3}, {}, {}>>
/\ d = <<-1, 2, 2>>
/\ ctr = <<1, 0, 0>>
/\ up = <<FALSE, TRUE, TRUE>>
/\ t = <<FALSE, TRUE, TRUE>>
/\ v = <<1, 2, 2>>
/\ pc = <<"PR", "Done", "Done">>
/\ pt = <<0, 3, 3>>
/\ fail = 1

@!@!@ENDMSG 2217 @!@!@
@!@!@STARTMSG 2201:0 @!@!@
The coverage statistics at 2017-10-25 00:12:20
@!@!@ENDMSG 2201 @!@!@
@!@!@STARTMSG 2221:0 @!@!@
  line 113, col 37 to line 113, col 66 of module syncCon2: 1140
@!@!@ENDMSG 2221 @!@!@
@!@!@STARTMSG 2221:0 @!@!@
  line 114, col 37 to line 114, col 69 of module syncCon2: 9054
@!@!@ENDMSG 2221 @!@!@
@!@!@STARTMSG 2221:0 @!@!@
  line 115, col 26 to line 115, col 56 of module syncCon2: 10194
@!@!@ENDMSG 2221 @!@!@
@!@!@STARTMSG 2221:0 @!@!@
  line 116, col 26 to line 116, col 57 of module syncCon2: 10194
@!@!@ENDMSG 2221 @!@!@
@!@!@STARTMSG 2221:0 @!@!@
  line 117, col 26 to line 117, col 59 of module syncCon2: 246
@!@!@ENDMSG 2221 @!@!@
@!@!@STARTMSG 2221:0 @!@!@
  line 118, col 39 to line 118, col 39 of module syncCon2: 246
@!@!@ENDMSG 2221 @!@!@
@!@!@STARTMSG 2221:0 @!@!@
  line 118, col 42 to line 118, col 42 of module syncCon2: 246
@!@!@ENDMSG 2221 @!@!@
@!@!@STARTMSG 2221:0 @!@!@
  line 119, col 28 to line 119, col 34 of module syncCon2: 10440
@!@!@ENDMSG 2221 @!@!@
@!@!@STARTMSG 2221:0 @!@!@
  line 119, col 37 to line 119, col 38 of module syncCon2: 10440
@!@!@ENDMSG 2221 @!@!@
@!@!@STARTMSG 2221:0 @!@!@
  line 119, col 41 to line 119, col 42 of module syncCon2: 10440
@!@!@ENDMSG 2221 @!@!@
@!@!@STARTMSG 2221:0 @!@!@
  line 119, col 45 to line 119, col 45 of module syncCon2: 10440
@!@!@ENDMSG 2221 @!@!@
@!@!@STARTMSG 2221:0 @!@!@
  line 119, col 48 to line 119, col 48 of module syncCon2: 10440
@!@!@ENDMSG 2221 @!@!@
@!@!@STARTMSG 2221:0 @!@!@
  line 119, col 51 to line 119, col 52 of module syncCon2: 10440
@!@!@ENDMSG 2221 @!@!@
@!@!@STARTMSG 2221:0 @!@!@
  line 119, col 55 to line 119, col 58 of module syncCon2: 10440
@!@!@ENDMSG 2221 @!@!@
@!@!@STARTMSG 2221:0 @!@!@
  line 119, col 61 to line 119, col 70 of module syncCon2: 10440
@!@!@ENDMSG 2221 @!@!@
@!@!@STARTMSG 2221:0 @!@!@
  line 120, col 28 to line 120, col 40 of module syncCon2: 10440
@!@!@ENDMSG 2221 @!@!@
@!@!@STARTMSG 2221:0 @!@!@
  line 120, col 43 to line 120, col 45 of module syncCon2: 10440
@!@!@ENDMSG 2221 @!@!@
@!@!@STARTMSG 2221:0 @!@!@
  line 125, col 32 to line 125, col 78 of module syncCon2: 125023
@!@!@ENDMSG 2221 @!@!@
@!@!@STARTMSG 2221:0 @!@!@
  line 126, col 32 to line 126, col 69 of module syncCon2: 125023
@!@!@ENDMSG 2221 @!@!@
@!@!@STARTMSG 2221:0 @!@!@
  line 128, col 49 to line 128, col 81 of module syncCon2: 15153
@!@!@ENDMSG 2221 @!@!@
@!@!@STARTMSG 2221:0 @!@!@
  line 129, col 49 to line 129, col 70 of module syncCon2: 15153
@!@!@ENDMSG 2221 @!@!@
@!@!@STARTMSG 2221:0 @!@!@
  line 131, col 61 to line 131, col 67 of module syncCon2: 15153
@!@!@ENDMSG 2221 @!@!@
@!@!@STARTMSG 2221:0 @!@!@
  line 131, col 70 to line 131, col 71 of module syncCon2: 15153
@!@!@ENDMSG 2221 @!@!@
@!@!@STARTMSG 2221:0 @!@!@
  line 133, col 56 to line 133, col 62 of module syncCon2: 94717
@!@!@ENDMSG 2221 @!@!@
@!@!@STARTMSG 2221:0 @!@!@
  line 133, col 65 to line 133, col 66 of module syncCon2: 94717
@!@!@ENDMSG 2221 @!@!@
@!@!@STARTMSG 2221:0 @!@!@
  line 134, col 27 to line 134, col 58 of module syncCon2: 125023
@!@!@ENDMSG 2221 @!@!@
@!@!@STARTMSG 2221:0 @!@!@
  line 135, col 27 to line 135, col 34 of module syncCon2: 125023
@!@!@ENDMSG 2221 @!@!@
@!@!@STARTMSG 2221:0 @!@!@
  line 137, col 38 to line 137, col 75 of module syncCon2: 8211
@!@!@ENDMSG 2221 @!@!@
@!@!@STARTMSG 2221:0 @!@!@
  line 139, col 38 to line 139, col 45 of module syncCon2: 21080
@!@!@ENDMSG 2221 @!@!@
@!@!@STARTMSG 2221:0 @!@!@
  line 140, col 27 to line 140, col 58 of module syncCon2: 29291
@!@!@ENDMSG 2221 @!@!@
@!@!@STARTMSG 2221:0 @!@!@
  line 141, col 40 to line 141, col 46 of module syncCon2: 29291
@!@!@ENDMSG 2221 @!@!@
@!@!@STARTMSG 2221:0 @!@!@
  line 141, col 49 to line 141, col 50 of module syncCon2: 29291
@!@!@ENDMSG 2221 @!@!@
@!@!@STARTMSG 2221:0 @!@!@
  line 141, col 53 to line 141, col 54 of module syncCon2: 29291
@!@!@ENDMSG 2221 @!@!@
@!@!@STARTMSG 2221:0 @!@!@
  line 141, col 57 to line 141, col 57 of module syncCon2: 29291
@!@!@ENDMSG 2221 @!@!@
@!@!@STARTMSG 2221:0 @!@!@
  line 142, col 29 to line 142, col 29 of module syncCon2: 154314
@!@!@ENDMSG 2221 @!@!@
@!@!@STARTMSG 2221:0 @!@!@
  line 142, col 32 to line 142, col 32 of module syncCon2: 154314
@!@!@ENDMSG 2221 @!@!@
@!@!@STARTMSG 2221:0 @!@!@
  line 142, col 35 to line 142, col 38 of module syncCon2: 154314
@!@!@ENDMSG 2221 @!@!@
@!@!@STARTMSG 2221:0 @!@!@
  line 142, col 41 to line 142, col 41 of module syncCon2: 154314
@!@!@ENDMSG 2221 @!@!@
@!@!@STARTMSG 2221:0 @!@!@
  line 142, col 44 to line 142, col 53 of module syncCon2: 154314
@!@!@ENDMSG 2221 @!@!@
@!@!@STARTMSG 2221:0 @!@!@
  line 142, col 56 to line 142, col 68 of module syncCon2: 154314
@!@!@ENDMSG 2221 @!@!@
@!@!@STARTMSG 2221:0 @!@!@
  line 142, col 71 to line 142, col 73 of module syncCon2: 154314
@!@!@ENDMSG 2221 @!@!@
@!@!@STARTMSG 2221:0 @!@!@
  line 146, col 16 to line 146, col 66 of module syncCon2: 6610
@!@!@ENDMSG 2221 @!@!@
@!@!@STARTMSG 2221:0 @!@!@
  line 147, col 16 to line 147, col 57 of module syncCon2: 6610
@!@!@ENDMSG 2221 @!@!@
@!@!@STARTMSG 2221:0 @!@!@
  line 149, col 27 to line 149, col 57 of module syncCon2: 6316
@!@!@ENDMSG 2221 @!@!@
@!@!@STARTMSG 2221:0 @!@!@
  line 150, col 27 to line 150, col 67 of module syncCon2: 294
@!@!@ENDMSG 2221 @!@!@
@!@!@STARTMSG 2221:0 @!@!@
  line 151, col 16 to line 151, col 86 of module syncCon2: 6610
@!@!@ENDMSG 2221 @!@!@
@!@!@STARTMSG 2221:0 @!@!@
  line 152, col 16 to line 152, col 45 of module syncCon2: 6610
@!@!@ENDMSG 2221 @!@!@
@!@!@STARTMSG 2221:0 @!@!@
  line 154, col 27 to line 154, col 56 of module syncCon2: 294
@!@!@ENDMSG 2221 @!@!@
@!@!@STARTMSG 2221:0 @!@!@
  line 156, col 27 to line 156, col 32 of module syncCon2: 6316
@!@!@ENDMSG 2221 @!@!@
@!@!@STARTMSG 2221:0 @!@!@
  line 157, col 16 to line 157, col 46 of module syncCon2: 6610
@!@!@ENDMSG 2221 @!@!@
@!@!@STARTMSG 2221:0 @!@!@
  line 158, col 29 to line 158, col 35 of module syncCon2: 6610
@!@!@ENDMSG 2221 @!@!@
@!@!@STARTMSG 2221:0 @!@!@
  line 158, col 38 to line 158, col 39 of module syncCon2: 6610
@!@!@ENDMSG 2221 @!@!@
@!@!@STARTMSG 2221:0 @!@!@
  line 158, col 42 to line 158, col 43 of module syncCon2: 6610
@!@!@ENDMSG 2221 @!@!@
@!@!@STARTMSG 2221:0 @!@!@
  line 158, col 46 to line 158, col 49 of module syncCon2: 6610
@!@!@ENDMSG 2221 @!@!@
@!@!@STARTMSG 2221:0 @!@!@
  line 158, col 52 to line 158, col 52 of module syncCon2: 6610
@!@!@ENDMSG 2221 @!@!@
@!@!@STARTMSG 2221:0 @!@!@
  line 158, col 55 to line 158, col 55 of module syncCon2: 6610
@!@!@ENDMSG 2221 @!@!@
@!@!@STARTMSG 2221:0 @!@!@
  line 89, col 12 to line 89, col 18 of module syncCon2: 0
@!@!@ENDMSG 2221 @!@!@
@!@!@STARTMSG 2221:0 @!@!@
  line 89, col 21 to line 89, col 22 of module syncCon2: 0
@!@!@ENDMSG 2221 @!@!@
@!@!@STARTMSG 2221:0 @!@!@
  line 89, col 25 to line 89, col 26 of module syncCon2: 0
@!@!@ENDMSG 2221 @!@!@
@!@!@STARTMSG 2221:0 @!@!@
  line 89, col 29 to line 89, col 29 of module syncCon2: 0
@!@!@ENDMSG 2221 @!@!@
@!@!@STARTMSG 2221:0 @!@!@
  line 89, col 32 to line 89, col 32 of module syncCon2: 0
@!@!@ENDMSG 2221 @!@!@
@!@!@STARTMSG 2221:0 @!@!@
  line 89, col 35 to line 89, col 36 of module syncCon2: 0
@!@!@ENDMSG 2221 @!@!@
@!@!@STARTMSG 2221:0 @!@!@
  line 89, col 39 to line 89, col 42 of module syncCon2: 0
@!@!@ENDMSG 2221 @!@!@
@!@!@STARTMSG 2221:0 @!@!@
  line 89, col 45 to line 89, col 46 of module syncCon2: 0
@!@!@ENDMSG 2221 @!@!@
@!@!@STARTMSG 2221:0 @!@!@
  line 89, col 49 to line 89, col 49 of module syncCon2: 0
@!@!@ENDMSG 2221 @!@!@
@!@!@STARTMSG 2221:0 @!@!@
  line 89, col 52 to line 89, col 61 of module syncCon2: 0
@!@!@ENDMSG 2221 @!@!@
@!@!@STARTMSG 2221:0 @!@!@
  line 89, col 64 to line 89, col 64 of module syncCon2: 0
@!@!@ENDMSG 2221 @!@!@
@!@!@STARTMSG 2221:0 @!@!@
  line 90, col 12 to line 90, col 24 of module syncCon2: 0
@!@!@ENDMSG 2221 @!@!@
@!@!@STARTMSG 2221:0 @!@!@
  line 90, col 27 to line 90, col 29 of module syncCon2: 0
@!@!@ENDMSG 2221 @!@!@
@!@!@STARTMSG 2202:0 @!@!@
End of statistics.
@!@!@ENDMSG 2202 @!@!@
@!@!@STARTMSG 2200:0 @!@!@
Progress(42) at 2017-10-25 00:12:20: 171365 states generated (3,810,934 s/min), 47787 distinct states found (1,062,720 ds/min), 2039 states left on queue.
@!@!@ENDMSG 2200 @!@!@
@!@!@STARTMSG 2199:0 @!@!@
171365 states generated, 47787 distinct states found, 2039 states left on queue.
@!@!@ENDMSG 2199 @!@!@
@!@!@STARTMSG 2194:0 @!@!@
The depth of the complete state graph search is 42.
@!@!@ENDMSG 2194 @!@!@
@!@!@STARTMSG 2268:0 @!@!@
The average outdegree of the complete state graph is 1 (minimum is 0, the maximum 12 and the 95th percentile is 3).
@!@!@ENDMSG 2268 @!@!@
@!@!@STARTMSG 2186:0 @!@!@
Finished in 3092ms at (2017-10-25 00:12:20)
@!@!@ENDMSG 2186 @!@!@
