@!@!@STARTMSG 2262:0 @!@!@
TLC2 Version 2.10 of 28 September 2017
@!@!@ENDMSG 2262 @!@!@
@!@!@STARTMSG 2187:0 @!@!@
Running breadth-first search Model-Checking with 2 workers on 4 cores with 599MB heap and 1345MB offheap memory (Windows 10 10.0 amd64, Oracle Corporation 1.8.0_151 x86_64).
@!@!@ENDMSG 2187 @!@!@
@!@!@STARTMSG 2220:0 @!@!@
Starting SANY...
@!@!@ENDMSG 2220 @!@!@
Parsing file MC.tla
Parsing file syncCon1.tla
Parsing file C:\Krishna\UB\Fall17\CSE 586 DS\TLAToolbox-1.5.3-win32.win32.x86_64\toolbox\plugins\org.lamport.tlatools_1.0.0.201710061831\tla2sany\StandardModules\TLC.tla
Parsing file C:\Krishna\UB\Fall17\CSE 586 DS\TLAToolbox-1.5.3-win32.win32.x86_64\toolbox\plugins\org.lamport.tlatools_1.0.0.201710061831\tla2sany\StandardModules\Integers.tla
Parsing file C:\Krishna\UB\Fall17\CSE 586 DS\TLAToolbox-1.5.3-win32.win32.x86_64\toolbox\plugins\org.lamport.tlatools_1.0.0.201710061831\tla2sany\StandardModules\Sequences.tla
Parsing file C:\Krishna\UB\Fall17\CSE 586 DS\TLAToolbox-1.5.3-win32.win32.x86_64\toolbox\plugins\org.lamport.tlatools_1.0.0.201710061831\tla2sany\StandardModules\FiniteSets.tla
Parsing file C:\Krishna\UB\Fall17\CSE 586 DS\TLAToolbox-1.5.3-win32.win32.x86_64\toolbox\plugins\org.lamport.tlatools_1.0.0.201710061831\tla2sany\StandardModules\Naturals.tla
Semantic processing of module Naturals
Semantic processing of module Integers
Semantic processing of module Sequences
Semantic processing of module FiniteSets
Semantic processing of module TLC
Semantic processing of module syncCon1
Semantic processing of module MC
@!@!@STARTMSG 2219:0 @!@!@
SANY finished.
@!@!@ENDMSG 2219 @!@!@
@!@!@STARTMSG 2185:0 @!@!@
Starting... (2017-10-24 22:40:42)
@!@!@ENDMSG 2185 @!@!@
@!@!@STARTMSG 2212:0 @!@!@
Implied-temporal checking--satisfiability problem has 1 branches.
@!@!@ENDMSG 2212 @!@!@
@!@!@STARTMSG 2189:0 @!@!@
Computing initial states...
@!@!@ENDMSG 2189 @!@!@
@!@!@STARTMSG 2190:0 @!@!@
Finished computing initial states: 1 distinct state generated.
@!@!@ENDMSG 2190 @!@!@
@!@!@STARTMSG 2110:1 @!@!@
Invariant inv_1508899241893172000 is violated.
@!@!@ENDMSG 2110 @!@!@
@!@!@STARTMSG 2121:1 @!@!@
The behavior up to this point is:
@!@!@ENDMSG 2121 @!@!@
@!@!@STARTMSG 2217:4 @!@!@
1: <Initial predicate>
/\ mb = <<{}, {}, {}>>
/\ FailNum = 1
/\ Q = <<{}, {}, {}>>
/\ d = <<-1, -1, -1>>
/\ up = <<TRUE, TRUE, TRUE>>
/\ t = <<FALSE, FALSE, FALSE>>
/\ v = <<0, 0, 0>>
/\ pc = <<"P", "P", "P">>
/\ pt = <<0, 0, 0>>
/\ pv = <<0, 0, 0>>

@!@!@ENDMSG 2217 @!@!@
@!@!@STARTMSG 2217:4 @!@!@
2: <Action line 85, col 12 to line 92, col 59 of module syncCon1>
/\ mb = <<{}, {}, {}>>
/\ FailNum = 1
/\ Q = <<1..3, {}, {}>>
/\ d = <<-1, -1, -1>>
/\ up = <<TRUE, TRUE, TRUE>>
/\ t = <<FALSE, FALSE, FALSE>>
/\ v = <<1, 0, 0>>
/\ pc = <<"PS", "P", "P">>
/\ pt = <<0, 0, 0>>
/\ pv = <<0, 0, 0>>

@!@!@ENDMSG 2217 @!@!@
@!@!@STARTMSG 2217:4 @!@!@
3: <Action line 94, col 13 to line 114, col 42 of module syncCon1>
/\ mb = <<{}, {1}, {}>>
/\ FailNum = 0
/\ Q = <<{1, 3}, {}, {}>>
/\ d = <<-1, -1, -1>>
/\ up = <<FALSE, TRUE, TRUE>>
/\ t = <<FALSE, FALSE, FALSE>>
/\ v = <<1, 0, 0>>
/\ pc = <<"PS", "P", "P">>
/\ pt = <<0, 0, 0>>
/\ pv = <<0, 0, 0>>

@!@!@ENDMSG 2217 @!@!@
@!@!@STARTMSG 2217:4 @!@!@
4: <Action line 85, col 12 to line 92, col 59 of module syncCon1>
/\ mb = <<{}, {1}, {}>>
/\ FailNum = 0
/\ Q = <<{1, 3}, 1..3, {}>>
/\ d = <<-1, -1, -1>>
/\ up = <<FALSE, TRUE, TRUE>>
/\ t = <<FALSE, FALSE, FALSE>>
/\ v = <<1, 2, 0>>
/\ pc = <<"PS", "PS", "P">>
/\ pt = <<0, 0, 0>>
/\ pv = <<0, 0, 0>>

@!@!@ENDMSG 2217 @!@!@
@!@!@STARTMSG 2217:4 @!@!@
5: <Action line 94, col 13 to line 114, col 42 of module syncCon1>
/\ mb = <<{2}, {1}, {}>>
/\ FailNum = 0
/\ Q = <<{1, 3}, {2, 3}, {}>>
/\ d = <<-1, -1, -1>>
/\ up = <<FALSE, TRUE, TRUE>>
/\ t = <<FALSE, FALSE, FALSE>>
/\ v = <<1, 2, 0>>
/\ pc = <<"PS", "PS", "P">>
/\ pt = <<0, 0, 0>>
/\ pv = <<0, 0, 0>>

@!@!@ENDMSG 2217 @!@!@
@!@!@STARTMSG 2217:4 @!@!@
6: <Action line 94, col 13 to line 114, col 42 of module syncCon1>
/\ mb = <<{2}, {1, 2}, {}>>
/\ FailNum = 0
/\ Q = <<{1, 3}, {3}, {}>>
/\ d = <<-1, -1, -1>>
/\ up = <<FALSE, TRUE, TRUE>>
/\ t = <<FALSE, FALSE, FALSE>>
/\ v = <<1, 2, 0>>
/\ pc = <<"PS", "PS", "P">>
/\ pt = <<0, 0, 0>>
/\ pv = <<0, 0, 0>>

@!@!@ENDMSG 2217 @!@!@
@!@!@STARTMSG 2217:4 @!@!@
7: <Action line 94, col 13 to line 114, col 42 of module syncCon1>
/\ mb = <<{2}, {1, 2}, {2}>>
/\ FailNum = 0
/\ Q = <<{1, 3}, {}, {}>>
/\ d = <<-1, -1, -1>>
/\ up = <<FALSE, TRUE, TRUE>>
/\ t = <<FALSE, FALSE, FALSE>>
/\ v = <<1, 2, 0>>
/\ pc = <<"PS", "PS", "P">>
/\ pt = <<0, 0, 0>>
/\ pv = <<0, 0, 0>>

@!@!@ENDMSG 2217 @!@!@
@!@!@STARTMSG 2217:4 @!@!@
8: <Action line 94, col 13 to line 114, col 42 of module syncCon1>
/\ mb = <<{2}, {1, 2}, {2}>>
/\ FailNum = 0
/\ Q = <<{1, 3}, {}, {}>>
/\ d = <<-1, -1, -1>>
/\ up = <<FALSE, TRUE, TRUE>>
/\ t = <<FALSE, FALSE, FALSE>>
/\ v = <<1, 2, 0>>
/\ pc = <<"PS", "PR", "P">>
/\ pt = <<0, 1, 0>>
/\ pv = <<0, 0, 0>>

@!@!@ENDMSG 2217 @!@!@
@!@!@STARTMSG 2217:4 @!@!@
9: <Action line 85, col 12 to line 92, col 59 of module syncCon1>
/\ mb = <<{2}, {1, 2}, {2}>>
/\ FailNum = 0
/\ Q = <<{1, 3}, {}, 1..3>>
/\ d = <<-1, -1, -1>>
/\ up = <<FALSE, TRUE, TRUE>>
/\ t = <<FALSE, FALSE, FALSE>>
/\ v = <<1, 2, 3>>
/\ pc = <<"PS", "PR", "PS">>
/\ pt = <<0, 1, 0>>
/\ pv = <<0, 0, 0>>

@!@!@ENDMSG 2217 @!@!@
@!@!@STARTMSG 2217:4 @!@!@
10: <Action line 94, col 13 to line 114, col 42 of module syncCon1>
/\ mb = <<{2, 3}, {1, 2}, {2}>>
/\ FailNum = 0
/\ Q = <<{1, 3}, {}, {2, 3}>>
/\ d = <<-1, -1, -1>>
/\ up = <<FALSE, TRUE, TRUE>>
/\ t = <<FALSE, FALSE, FALSE>>
/\ v = <<1, 2, 3>>
/\ pc = <<"PS", "PR", "PS">>
/\ pt = <<0, 1, 0>>
/\ pv = <<0, 0, 0>>

@!@!@ENDMSG 2217 @!@!@
@!@!@STARTMSG 2217:4 @!@!@
11: <Action line 94, col 13 to line 114, col 42 of module syncCon1>
/\ mb = <<{2, 3}, {1, 2, 3}, {2}>>
/\ FailNum = 0
/\ Q = <<{1, 3}, {}, {3}>>
/\ d = <<-1, -1, -1>>
/\ up = <<FALSE, TRUE, TRUE>>
/\ t = <<FALSE, FALSE, FALSE>>
/\ v = <<1, 2, 3>>
/\ pc = <<"PS", "PR", "PS">>
/\ pt = <<0, 1, 0>>
/\ pv = <<0, 0, 0>>

@!@!@ENDMSG 2217 @!@!@
@!@!@STARTMSG 2217:4 @!@!@
12: <Action line 94, col 13 to line 114, col 42 of module syncCon1>
/\ mb = <<{2, 3}, {1, 2, 3}, {2, 3}>>
/\ FailNum = 0
/\ Q = <<{1, 3}, {}, {}>>
/\ d = <<-1, -1, -1>>
/\ up = <<FALSE, TRUE, TRUE>>
/\ t = <<FALSE, FALSE, FALSE>>
/\ v = <<1, 2, 3>>
/\ pc = <<"PS", "PR", "PS">>
/\ pt = <<0, 1, 0>>
/\ pv = <<0, 0, 0>>

@!@!@ENDMSG 2217 @!@!@
@!@!@STARTMSG 2217:4 @!@!@
13: <Action line 94, col 13 to line 114, col 42 of module syncCon1>
/\ mb = <<{2, 3}, {1, 2, 3}, {2, 3}>>
/\ FailNum = 0
/\ Q = <<{1, 3}, {}, {}>>
/\ d = <<-1, -1, -1>>
/\ up = <<FALSE, TRUE, TRUE>>
/\ t = <<FALSE, FALSE, FALSE>>
/\ v = <<1, 2, 3>>
/\ pc = <<"PS", "PR", "PR">>
/\ pt = <<0, 1, 1>>
/\ pv = <<0, 0, 0>>

@!@!@ENDMSG 2217 @!@!@
@!@!@STARTMSG 2217:4 @!@!@
14: <Action line 116, col 13 to line 121, col 60 of module syncCon1>
/\ mb = <<{2, 3}, {1, 2, 3}, {2, 3}>>
/\ FailNum = 0
/\ Q = <<{1, 3}, {}, {}>>
/\ d = <<-1, 1, -1>>
/\ up = <<FALSE, TRUE, TRUE>>
/\ t = <<FALSE, TRUE, FALSE>>
/\ v = <<1, 2, 3>>
/\ pc = <<"PS", "Done", "PR">>
/\ pt = <<0, 1, 1>>
/\ pv = <<0, 0, 0>>

@!@!@ENDMSG 2217 @!@!@
@!@!@STARTMSG 2217:4 @!@!@
15: <Action line 116, col 13 to line 121, col 60 of module syncCon1>
/\ mb = <<{2, 3}, {1, 2, 3}, {2, 3}>>
/\ FailNum = 0
/\ Q = <<{1, 3}, {}, {}>>
/\ d = <<-1, 1, 2>>
/\ up = <<FALSE, TRUE, TRUE>>
/\ t = <<FALSE, TRUE, TRUE>>
/\ v = <<1, 2, 3>>
/\ pc = <<"PS", "Done", "Done">>
/\ pt = <<0, 1, 1>>
/\ pv = <<0, 0, 0>>

@!@!@ENDMSG 2217 @!@!@
@!@!@STARTMSG 2201:0 @!@!@
The coverage statistics at 2017-10-24 22:40:45
@!@!@ENDMSG 2201 @!@!@
@!@!@STARTMSG 2221:0 @!@!@
  line 100, col 49 to line 100, col 81 of module syncCon1: 3599
@!@!@ENDMSG 2221 @!@!@
@!@!@STARTMSG 2221:0 @!@!@
  line 101, col 49 to line 101, col 70 of module syncCon1: 3599
@!@!@ENDMSG 2221 @!@!@
@!@!@STARTMSG 2221:0 @!@!@
  line 103, col 61 to line 103, col 67 of module syncCon1: 3599
@!@!@ENDMSG 2221 @!@!@
@!@!@STARTMSG 2221:0 @!@!@
  line 103, col 70 to line 103, col 71 of module syncCon1: 3599
@!@!@ENDMSG 2221 @!@!@
@!@!@STARTMSG 2221:0 @!@!@
  line 105, col 56 to line 105, col 62 of module syncCon1: 10078
@!@!@ENDMSG 2221 @!@!@
@!@!@STARTMSG 2221:0 @!@!@
  line 105, col 65 to line 105, col 66 of module syncCon1: 10078
@!@!@ENDMSG 2221 @!@!@
@!@!@STARTMSG 2221:0 @!@!@
  line 106, col 27 to line 106, col 58 of module syncCon1: 17276
@!@!@ENDMSG 2221 @!@!@
@!@!@STARTMSG 2221:0 @!@!@
  line 107, col 27 to line 107, col 34 of module syncCon1: 17276
@!@!@ENDMSG 2221 @!@!@
@!@!@STARTMSG 2221:0 @!@!@
  line 109, col 38 to line 109, col 75 of module syncCon1: 1130
@!@!@ENDMSG 2221 @!@!@
@!@!@STARTMSG 2221:0 @!@!@
  line 111, col 38 to line 111, col 45 of module syncCon1: 2112
@!@!@ENDMSG 2221 @!@!@
@!@!@STARTMSG 2221:0 @!@!@
  line 112, col 27 to line 112, col 58 of module syncCon1: 3242
@!@!@ENDMSG 2221 @!@!@
@!@!@STARTMSG 2221:0 @!@!@
  line 113, col 40 to line 113, col 46 of module syncCon1: 3242
@!@!@ENDMSG 2221 @!@!@
@!@!@STARTMSG 2221:0 @!@!@
  line 113, col 49 to line 113, col 50 of module syncCon1: 3242
@!@!@ENDMSG 2221 @!@!@
@!@!@STARTMSG 2221:0 @!@!@
  line 113, col 53 to line 113, col 54 of module syncCon1: 3242
@!@!@ENDMSG 2221 @!@!@
@!@!@STARTMSG 2221:0 @!@!@
  line 113, col 57 to line 113, col 57 of module syncCon1: 3242
@!@!@ENDMSG 2221 @!@!@
@!@!@STARTMSG 2221:0 @!@!@
  line 114, col 29 to line 114, col 29 of module syncCon1: 20518
@!@!@ENDMSG 2221 @!@!@
@!@!@STARTMSG 2221:0 @!@!@
  line 114, col 32 to line 114, col 32 of module syncCon1: 20518
@!@!@ENDMSG 2221 @!@!@
@!@!@STARTMSG 2221:0 @!@!@
  line 114, col 35 to line 114, col 35 of module syncCon1: 20518
@!@!@ENDMSG 2221 @!@!@
@!@!@STARTMSG 2221:0 @!@!@
  line 114, col 38 to line 114, col 39 of module syncCon1: 20518
@!@!@ENDMSG 2221 @!@!@
@!@!@STARTMSG 2221:0 @!@!@
  line 118, col 16 to line 118, col 57 of module syncCon1: 66
@!@!@ENDMSG 2221 @!@!@
@!@!@STARTMSG 2221:0 @!@!@
  line 119, col 16 to line 119, col 45 of module syncCon1: 66
@!@!@ENDMSG 2221 @!@!@
@!@!@STARTMSG 2221:0 @!@!@
  line 120, col 16 to line 120, col 49 of module syncCon1: 66
@!@!@ENDMSG 2221 @!@!@
@!@!@STARTMSG 2221:0 @!@!@
  line 121, col 29 to line 121, col 35 of module syncCon1: 66
@!@!@ENDMSG 2221 @!@!@
@!@!@STARTMSG 2221:0 @!@!@
  line 121, col 38 to line 121, col 39 of module syncCon1: 66
@!@!@ENDMSG 2221 @!@!@
@!@!@STARTMSG 2221:0 @!@!@
  line 121, col 42 to line 121, col 43 of module syncCon1: 66
@!@!@ENDMSG 2221 @!@!@
@!@!@STARTMSG 2221:0 @!@!@
  line 121, col 46 to line 121, col 47 of module syncCon1: 66
@!@!@ENDMSG 2221 @!@!@
@!@!@STARTMSG 2221:0 @!@!@
  line 121, col 50 to line 121, col 50 of module syncCon1: 66
@!@!@ENDMSG 2221 @!@!@
@!@!@STARTMSG 2221:0 @!@!@
  line 121, col 53 to line 121, col 54 of module syncCon1: 66
@!@!@ENDMSG 2221 @!@!@
@!@!@STARTMSG 2221:0 @!@!@
  line 121, col 57 to line 121, col 57 of module syncCon1: 66
@!@!@ENDMSG 2221 @!@!@
@!@!@STARTMSG 2221:0 @!@!@
  line 68, col 12 to line 68, col 18 of module syncCon1: 0
@!@!@ENDMSG 2221 @!@!@
@!@!@STARTMSG 2221:0 @!@!@
  line 68, col 21 to line 68, col 22 of module syncCon1: 0
@!@!@ENDMSG 2221 @!@!@
@!@!@STARTMSG 2221:0 @!@!@
  line 68, col 25 to line 68, col 26 of module syncCon1: 0
@!@!@ENDMSG 2221 @!@!@
@!@!@STARTMSG 2221:0 @!@!@
  line 68, col 29 to line 68, col 29 of module syncCon1: 0
@!@!@ENDMSG 2221 @!@!@
@!@!@STARTMSG 2221:0 @!@!@
  line 68, col 32 to line 68, col 32 of module syncCon1: 0
@!@!@ENDMSG 2221 @!@!@
@!@!@STARTMSG 2221:0 @!@!@
  line 68, col 35 to line 68, col 36 of module syncCon1: 0
@!@!@ENDMSG 2221 @!@!@
@!@!@STARTMSG 2221:0 @!@!@
  line 68, col 39 to line 68, col 40 of module syncCon1: 0
@!@!@ENDMSG 2221 @!@!@
@!@!@STARTMSG 2221:0 @!@!@
  line 68, col 43 to line 68, col 43 of module syncCon1: 0
@!@!@ENDMSG 2221 @!@!@
@!@!@STARTMSG 2221:0 @!@!@
  line 68, col 46 to line 68, col 47 of module syncCon1: 0
@!@!@ENDMSG 2221 @!@!@
@!@!@STARTMSG 2221:0 @!@!@
  line 68, col 50 to line 68, col 50 of module syncCon1: 0
@!@!@ENDMSG 2221 @!@!@
@!@!@STARTMSG 2221:0 @!@!@
  line 87, col 26 to line 87, col 55 of module syncCon1: 1140
@!@!@ENDMSG 2221 @!@!@
@!@!@STARTMSG 2221:0 @!@!@
  line 88, col 26 to line 88, col 56 of module syncCon1: 1140
@!@!@ENDMSG 2221 @!@!@
@!@!@STARTMSG 2221:0 @!@!@
  line 89, col 26 to line 89, col 57 of module syncCon1: 1140
@!@!@ENDMSG 2221 @!@!@
@!@!@STARTMSG 2221:0 @!@!@
  line 90, col 26 to line 90, col 59 of module syncCon1: 0
@!@!@ENDMSG 2221 @!@!@
@!@!@STARTMSG 2221:0 @!@!@
  line 91, col 39 to line 91, col 39 of module syncCon1: 0
@!@!@ENDMSG 2221 @!@!@
@!@!@STARTMSG 2221:0 @!@!@
  line 91, col 42 to line 91, col 42 of module syncCon1: 0
@!@!@ENDMSG 2221 @!@!@
@!@!@STARTMSG 2221:0 @!@!@
  line 92, col 28 to line 92, col 34 of module syncCon1: 1140
@!@!@ENDMSG 2221 @!@!@
@!@!@STARTMSG 2221:0 @!@!@
  line 92, col 37 to line 92, col 38 of module syncCon1: 1140
@!@!@ENDMSG 2221 @!@!@
@!@!@STARTMSG 2221:0 @!@!@
  line 92, col 41 to line 92, col 42 of module syncCon1: 1140
@!@!@ENDMSG 2221 @!@!@
@!@!@STARTMSG 2221:0 @!@!@
  line 92, col 45 to line 92, col 45 of module syncCon1: 1140
@!@!@ENDMSG 2221 @!@!@
@!@!@STARTMSG 2221:0 @!@!@
  line 92, col 48 to line 92, col 48 of module syncCon1: 1140
@!@!@ENDMSG 2221 @!@!@
@!@!@STARTMSG 2221:0 @!@!@
  line 92, col 51 to line 92, col 52 of module syncCon1: 1140
@!@!@ENDMSG 2221 @!@!@
@!@!@STARTMSG 2221:0 @!@!@
  line 92, col 55 to line 92, col 56 of module syncCon1: 1140
@!@!@ENDMSG 2221 @!@!@
@!@!@STARTMSG 2221:0 @!@!@
  line 97, col 32 to line 97, col 78 of module syncCon1: 17276
@!@!@ENDMSG 2221 @!@!@
@!@!@STARTMSG 2221:0 @!@!@
  line 98, col 32 to line 98, col 69 of module syncCon1: 17276
@!@!@ENDMSG 2221 @!@!@
@!@!@STARTMSG 2202:0 @!@!@
End of statistics.
@!@!@ENDMSG 2202 @!@!@
@!@!@STARTMSG 2200:0 @!@!@
Progress(15) at 2017-10-24 22:40:45: 21725 states generated (471,940 s/min), 5254 distinct states found (114,134 ds/min), 68 states left on queue.
@!@!@ENDMSG 2200 @!@!@
@!@!@STARTMSG 2199:0 @!@!@
21725 states generated, 5254 distinct states found, 68 states left on queue.
@!@!@ENDMSG 2199 @!@!@
@!@!@STARTMSG 2194:0 @!@!@
The depth of the complete state graph search is 15.
@!@!@ENDMSG 2194 @!@!@
@!@!@STARTMSG 2268:0 @!@!@
The average outdegree of the complete state graph is 1 (minimum is 0, the maximum 12 and the 95th percentile is 4).
@!@!@ENDMSG 2268 @!@!@
@!@!@STARTMSG 2186:0 @!@!@
Finished in 3233ms at (2017-10-24 22:40:45)
@!@!@ENDMSG 2186 @!@!@
